[debug] [2025-05-15T09:38:15.165Z] ----------------------------------------------------------------------
[debug] [2025-05-15T09:38:15.169Z] Command:       C:\Program Files\nodejs\node.exe C:\Users\lukeba.jorge\AppData\Roaming\npm\node_modules\firebase-tools\lib\bin\firebase.js init
[debug] [2025-05-15T09:38:15.170Z] CLI Version:   14.3.1
[debug] [2025-05-15T09:38:15.170Z] Platform:      win32
[debug] [2025-05-15T09:38:15.170Z] Node Version:  v22.15.0
[debug] [2025-05-15T09:38:15.170Z] Time:          Thu May 15 2025 10:38:15 GMT+0100 (Hora padrão da África Ocidental)
[debug] [2025-05-15T09:38:15.170Z] ----------------------------------------------------------------------
[debug] 
[debug] [2025-05-15T09:38:15.480Z] > command requires scopes: ["email","openid","https://www.googleapis.com/auth/cloudplatformprojects.readonly","https://www.googleapis.com/auth/firebase","https://www.googleapis.com/auth/cloud-platform"]
[debug] [2025-05-15T09:38:15.481Z] > authorizing via signed-in user (fluxodigital2017@gmail.com)
[info] 
     ######## #### ########  ######## ########     ###     ######  ########
     ##        ##  ##     ## ##       ##     ##  ##   ##  ##       ##
     ######    ##  ########  ######   ########  #########  ######  ######
     ##        ##  ##    ##  ##       ##     ## ##     ##       ## ##
     ##       #### ##     ## ######## ########  ##     ##  ######  ########

You're about to initialize a Firebase project in this directory:

  C:\Users\lukeba.jorge\OneDrive - Angola Cables\Documentos\GitHub\acsa

Before we get started, keep in mind:

  * You are initializing within an existing Firebase project directory

[debug] [2025-05-15T09:40:20.767Z] ExitPromptError: User force closed the prompt with SIGINT
    at Interface.sigint (C:\Users\lukeba.jorge\AppData\Roaming\npm\node_modules\firebase-tools\node_modules\@inquirer\core\dist\commonjs\lib\create-prompt.js:100:37)
    at Interface.emit (node:events:518:28)
    at Interface.emit (node:domain:489:12)
    at [_ttyWrite] [as _ttyWrite] (node:internal/readline/interface:1128:18)
    at ReadStream.onkeypress (node:internal/readline/interface:267:20)
    at ReadStream.emit (node:events:530:35)
    at ReadStream.emit (node:domain:489:12)
    at emitKeys (node:internal/readline/utils:370:14)
    at emitKeys.next (<anonymous>)
    at ReadStream.onData (node:internal/readline/emitKeypressEvents:64:36)
[error] 
[error] Error: An unexpected error has occurred.
